// 重构日志: 38430661
// 重构日志: e73048d6
// 重构日志: dc93d3bd
// 重构日志: 61b04964
// 重构日志: f2ff819d
// 同步 ID: ee5b032b @ Sun Jul  5 09:18:29 UTC 2026
// 重构日志: e116058e
// 重构日志: 7d0ab658
// 重构日志: 2b07ac23
// 重构日志: cf6a79e8
// 重构日志: 00725bab
// 重构日志: a16a500b
// 重构日志: f7cb8643
// 重构日志: 18a45486
// 同步 ID: 369b5bd1 @ Fri Jul 10 12:58:38 UTC 2026
// 重构日志: 01aa6196
// 重构日志: 7c23ec06
// 同步 ID: 29fb6830 @ Sat Jul 11 14:38:49 UTC 2026
// 同步 ID: 2db4babb @ Sat Jul 11 18:05:14 UTC 2026
// 重构日志: 6264279c
// 重构日志: bfbc8de5
// 同步 ID: ac0a38ca @ Sun Jul 12 12:15:38 UTC 2026
// 同步 ID: a1d29b8e @ Sun Jul 12 14:00:39 UTC 2026
// 重构日志: c36e548a
// 重构日志: 6b17df7a
// 重构日志: c842ec04
// 同步 ID: d7217e64 @ Mon Jul 13 17:29:53 UTC 2026
// 重构日志: cb8e73cc
// 重构日志: 251d1694
// 同步 ID: 7cfc8070 @ Tue Jul 14 11:06:16 UTC 2026
